<testsuite errors="0" failures="0" tests="1" name="fr.jfunctest.test.TestBowling" hostname="UNUSED" time="0" timestamp="UNUSED">
  <properties>
    <property name="java.runtime.name" value="Java(TM) SE Runtime Environment"/>
    <property name="sun.boot.library.path" value="/usr/local/share/java/jre1.6.0_03/lib/i386"/>
    <property name="java.vm.version" value="1.6.0_03-b05"/>
    <property name="ant.library.dir" value="/usr/local/share/eclipse/plugins/org.apache.ant_1.7.0.v200706080842/lib"/>
    <property name="java.vm.vendor" value="Sun Microsystems Inc."/>
    <property name="java.vendor.url" value="http://java.sun.com/"/>
    <property name="path.separator" value=":"/>
    <property name="java.vm.name" value="Java HotSpot(TM) Server VM"/>
    <property name="file.encoding.pkg" value="sun.io"/>
    <property name="sun.java.launcher" value="SUN_STANDARD"/>
    <property name="user.country" value="US"/>
    <property name="sun.os.patch.level" value="unknown"/>
    <property name="java.vm.specification.name" value="Java Virtual Machine Specification"/>
    <property name="user.dir" value="/home/gid/eclipse/jfunctest"/>
    <property name="java.runtime.version" value="1.6.0_03-b05"/>
    <property name="java.awt.graphicsenv" value="sun.awt.X11GraphicsEnvironment"/>
    <property name="java.endorsed.dirs" value="/usr/local/share/java/jre1.6.0_03/lib/endorsed"/>
    <property name="os.arch" value="i386"/>
    <property name="java.io.tmpdir" value="/tmp"/>
    <property name="line.separator" value="
"/>
    <property name="java.vm.specification.vendor" value="Sun Microsystems Inc."/>
    <property name="os.name" value="Linux"/>
    <property name="ant.home" value="/usr/local/share/eclipse/plugins/org.apache.ant_1.7.0.v200706080842"/>
    <property name="sun.jnu.encoding" value="UTF-8"/>
    <property name="java.library.path" value="/usr/local/share/java/jre1.6.0_03/lib/i386/client::/usr/local/share/java/jre1.6.0_03/lib/i386::/usr/lib/xulrunner-addons:/usr/java/packages/lib/i386:/lib:/usr/lib:/usr/local/share/eclipse/configuration/org.eclipse.osgi/bundles/223/1/.cp"/>
    <property name="java.specification.name" value="Java Platform API Specification"/>
    <property name="java.class.version" value="50.0"/>
    <property name="sun.management.compiler" value="HotSpot Server Compiler"/>
    <property name="os.version" value="2.6.31-16-generic"/>
    <property name="user.home" value="/home/gid"/>
    <property name="user.timezone" value=""/>
    <property name="java.awt.printerjob" value="sun.print.PSPrinterJob"/>
    <property name="file.encoding" value="UTF-8"/>
    <property name="java.specification.version" value="1.6"/>
    <property name="java.class.path" value="/usr/local/share/eclipse/plugins/org.apache.ant_1.7.0.v200706080842/lib/ant.jar:/usr/local/share/eclipse/plugins/org.apache.ant_1.7.0.v200706080842/lib/ant-antlr.jar:/usr/local/share/eclipse/plugins/org.apache.ant_1.7.0.v200706080842/lib/ant-apache-bcel.jar:/usr/local/share/eclipse/plugins/org.apache.ant_1.7.0.v200706080842/lib/ant-apache-bsf.jar:/usr/local/share/eclipse/plugins/org.apache.ant_1.7.0.v200706080842/lib/ant-apache-log4j.jar:/usr/local/share/eclipse/plugins/org.apache.ant_1.7.0.v200706080842/lib/ant-apache-oro.jar:/usr/local/share/eclipse/plugins/org.apache.ant_1.7.0.v200706080842/lib/ant-apache-regexp.jar:/usr/local/share/eclipse/plugins/org.apache.ant_1.7.0.v200706080842/lib/ant-apache-resolver.jar:/usr/local/share/eclipse/plugins/org.apache.ant_1.7.0.v200706080842/lib/ant-commons-logging.jar:/usr/local/share/eclipse/plugins/org.apache.ant_1.7.0.v200706080842/lib/ant-commons-net.jar:/usr/local/share/eclipse/plugins/org.apache.ant_1.7.0.v200706080842/lib/ant-jai.jar:/usr/local/share/eclipse/plugins/org.apache.ant_1.7.0.v200706080842/lib/ant-javamail.jar:/usr/local/share/eclipse/plugins/org.apache.ant_1.7.0.v200706080842/lib/ant-jdepend.jar:/usr/local/share/eclipse/plugins/org.apache.ant_1.7.0.v200706080842/lib/ant-jmf.jar:/usr/local/share/eclipse/plugins/org.apache.ant_1.7.0.v200706080842/lib/ant-jsch.jar:/usr/local/share/eclipse/plugins/org.apache.ant_1.7.0.v200706080842/lib/ant-junit.jar:/usr/local/share/eclipse/plugins/org.apache.ant_1.7.0.v200706080842/lib/ant-launcher.jar:/usr/local/share/eclipse/plugins/org.apache.ant_1.7.0.v200706080842/lib/ant-netrexx.jar:/usr/local/share/eclipse/plugins/org.apache.ant_1.7.0.v200706080842/lib/ant-nodeps.jar:/usr/local/share/eclipse/plugins/org.apache.ant_1.7.0.v200706080842/lib/ant-starteam.jar:/usr/local/share/eclipse/plugins/org.apache.ant_1.7.0.v200706080842/lib/ant-stylebook.jar:/usr/local/share/eclipse/plugins/org.apache.ant_1.7.0.v200706080842/lib/ant-swing.jar:/usr/local/share/eclipse/plugins/org.apache.ant_1.7.0.v200706080842/lib/ant-trax.jar:/usr/local/share/eclipse/plugins/org.apache.ant_1.7.0.v200706080842/lib/ant-weblogic.jar:/usr/local/share/eclipse/configuration/org.eclipse.osgi/bundles/27/1/.cp/lib/remoteAnt.jar:/usr/local/share/eclipse/plugins/org.eclipse.swt.gtk.linux.x86_3.3.1.v3346i.jar"/>
    <property name="user.name" value="gid"/>
    <property name="java.vm.specification.version" value="1.0"/>
    <property name="java.home" value="/usr/local/share/java/jre1.6.0_03"/>
    <property name="sun.arch.data.model" value="32"/>
    <property name="user.language" value="en"/>
    <property name="java.specification.vendor" value="Sun Microsystems Inc."/>
    <property name="java.vm.info" value="mixed mode"/>
    <property name="java.version" value="1.6.0_03"/>
    <property name="java.ext.dirs" value="/usr/local/share/java/jre1.6.0_03/lib/ext:/usr/java/packages/lib/ext"/>
    <property name="sun.boot.class.path" value="/usr/local/share/java/jre1.6.0_03/lib/resources.jar:/usr/local/share/java/jre1.6.0_03/lib/rt.jar:/usr/local/share/java/jre1.6.0_03/lib/sunrsasign.jar:/usr/local/share/java/jre1.6.0_03/lib/jsse.jar:/usr/local/share/java/jre1.6.0_03/lib/jce.jar:/usr/local/share/java/jre1.6.0_03/lib/charsets.jar:/usr/local/share/java/jre1.6.0_03/classes"/>
    <property name="java.vendor" value="Sun Microsystems Inc."/>
    <property name="file.separator" value="/"/>
    <property name="java.vendor.url.bug" value="http://java.sun.com/cgi-bin/bugreport.cgi"/>
    <property name="sun.io.unicode.encoding" value="UnicodeLittle"/>
    <property name="sun.cpu.endian" value="little"/>
    <property name="sun.desktop" value="gnome"/>
    <property name="sun.cpu.isalist" value=""/>
  </properties>
  <testcase time="0" classname="fr.jfunctest.test.TestBowling" name="BR0001 - 8 gutter means no point">
  </testcase>
  <system-out/>
  <system-err/>
</testsuite>